  [1m[35m (382.1ms)[0m  [1m[35mCREATE DATABASE "project_app_development" ENCODING = 'unicode'[0m
  [1m[35m (129.6ms)[0m  [1m[35mCREATE DATABASE "project_app_test" ENCODING = 'unicode'[0m
  [1m[35m (70.4ms)[0m  [1m[35mCREATE TABLE "schema_migrations" ("version" character varying NOT NULL PRIMARY KEY)[0m
  [1m[35m (3.5ms)[0m  [1m[35mCREATE TABLE "ar_internal_metadata" ("key" character varying NOT NULL PRIMARY KEY, "value" character varying, "created_at" timestamp(6) NOT NULL, "updated_at" timestamp(6) NOT NULL)[0m
  [1m[35m (0.9ms)[0m  [1m[34mSELECT pg_try_advisory_lock(5547003030659761230)[0m
  [1m[35m (0.5ms)[0m  [1m[34mSELECT "schema_migrations"."version" FROM "schema_migrations" ORDER BY "schema_migrations"."version" ASC[0m
Migrating to CreateUsers (20200309145829)
  [1m[35m (0.3ms)[0m  [1m[34mSELECT pg_advisory_unlock(5547003030659761230)[0m
  [1m[35m (0.2ms)[0m  [1m[34mSELECT pg_try_advisory_lock(5547003030659761230)[0m
  [1m[35m (0.6ms)[0m  [1m[34mSELECT "schema_migrations"."version" FROM "schema_migrations" ORDER BY "schema_migrations"."version" ASC[0m
Migrating to CreateUsers (20200309145829)
  [1m[35m (0.2ms)[0m  [1m[34mSELECT pg_advisory_unlock(5547003030659761230)[0m
  [1m[35m (0.2ms)[0m  [1m[34mSELECT pg_try_advisory_lock(5547003030659761230)[0m
  [1m[35m (0.7ms)[0m  [1m[34mSELECT "schema_migrations"."version" FROM "schema_migrations" ORDER BY "schema_migrations"."version" ASC[0m
Migrating to CreateUsers (20200309145829)
  [1m[35m (0.3ms)[0m  [1m[34mSELECT pg_advisory_unlock(5547003030659761230)[0m
  [1m[35m (0.2ms)[0m  [1m[34mSELECT pg_try_advisory_lock(5547003030659761230)[0m
  [1m[35m (0.6ms)[0m  [1m[34mSELECT "schema_migrations"."version" FROM "schema_migrations" ORDER BY "schema_migrations"."version" ASC[0m
Migrating to CreateUsers (20200309145829)
  [1m[35m (0.2ms)[0m  [1m[34mSELECT pg_advisory_unlock(5547003030659761230)[0m
  [1m[35m (0.6ms)[0m  [1m[34mSELECT "schema_migrations"."version" FROM "schema_migrations" ORDER BY "schema_migrations"."version" ASC[0m
  [1m[35m (0.2ms)[0m  [1m[34mSELECT pg_try_advisory_lock(5547003030659761230)[0m
  [1m[35m (0.5ms)[0m  [1m[34mSELECT "schema_migrations"."version" FROM "schema_migrations" ORDER BY "schema_migrations"."version" ASC[0m
Migrating to CreateUsers (20200309145829)
  [1m[35m (0.2ms)[0m  [1m[34mSELECT pg_advisory_unlock(5547003030659761230)[0m
